2025.10.28 16:29:20 INFO  Started: Metals version 1.1.0 in folders '/Users/carlcaulkett/Code/Mojo/ca_preset_parser' for client Visual Studio Code 1.105.1.
2025.10.28 16:29:21 WARN  Build server is not auto-connectable.
2025.10.28 16:29:21 WARN  no build tool detected in workspace '/Users/carlcaulkett/Code/Mojo/ca_preset_parser'. The most common cause for this problem is that the editor was opened in the wrong working directory, for example if you use sbt then the workspace directory should contain build.sbt. 
Oct 28, 2025 4:29:24 PM org.eclipse.lsp4j.jsonrpc.services.GenericEndpoint notify
INFO: Unsupported notification method: $/setTrace
2025.10.28 16:29:27 INFO  Shutting down server
2025.10.28 16:29:27 INFO  shutting down Metals
2025.10.28 16:29:27 INFO  Exiting server
2025.10.28 16:30:19 INFO  Started: Metals version 1.6.3 in folders '/Users/carlcaulkett/Code/Mojo/ca_preset_parser' for client Visual Studio Code 1.105.1.
2025.10.28 16:30:21 INFO  Upgraded H2 database.
2025.10.28 16:30:21 WARN  Using H2 2.4.240 which is newer than the version Flyway has been verified with. The latest verified version of H2 is 2.3.232.
2025.10.28 16:30:22 WARN  no build tool detected in workspace '/Users/carlcaulkett/Code/Mojo/ca_preset_parser'. The most common cause for this problem is that the editor was opened in the wrong working directory, for example if you use sbt then the workspace directory should contain build.sbt. 
2025.10.28 16:30:22 WARN  Build server is not auto-connectable.
2025.10.28 16:39:43 INFO  Shutting down server
2025.10.28 16:39:43 INFO  shutting down Metals
2025.10.28 16:39:43 INFO  Exiting server
2025.11.02 22:04:39 INFO  Started: Metals version 1.6.3 in folders '/Users/carlcaulkett/Code/Mojo/ca_preset_parser' for client Visual Studio Code 1.105.1.
2025.11.02 22:04:41 WARN  Using H2 2.4.240 which is newer than the version Flyway has been verified with. The latest verified version of H2 is 2.3.232.
2025.11.02 22:04:41 WARN  no build tool detected in workspace '/Users/carlcaulkett/Code/Mojo/ca_preset_parser'. The most common cause for this problem is that the editor was opened in the wrong working directory, for example if you use sbt then the workspace directory should contain build.sbt. 
2025.11.02 22:04:41 WARN  Build server is not auto-connectable.
Nov 02, 2025 10:09:59 PM org.eclipse.lsp4j.jsonrpc.services.GenericEndpoint notify
INFO: Unsupported notification method: $/setTrace
2025.11.02 22:43:48 INFO  Shutting down server
2025.11.02 22:43:48 INFO  shutting down Metals
2025.11.02 22:43:48 INFO  Exiting server
2025.11.04 11:50:09 INFO  Started: Metals version 1.6.3 in folders '/Users/carlcaulkett/Code/Mojo/ca_preset_parser' for client Visual Studio Code 1.105.1.
2025.11.04 11:50:13 WARN  Using H2 2.4.240 which is newer than the version Flyway has been verified with. The latest verified version of H2 is 2.3.232.
2025.11.04 11:50:13 WARN  no build tool detected in workspace '/Users/carlcaulkett/Code/Mojo/ca_preset_parser'. The most common cause for this problem is that the editor was opened in the wrong working directory, for example if you use sbt then the workspace directory should contain build.sbt. 
2025.11.04 11:50:13 WARN  Build server is not auto-connectable.
2025.11.04 12:39:28 INFO  Shutting down server
2025.11.04 12:39:28 INFO  shutting down Metals
2025.11.04 12:39:28 INFO  Exiting server
2025.11.04 12:39:33 INFO  Started: Metals version 1.6.3 in folders '/Users/carlcaulkett/Code/Mojo/ca_preset_parser' for client Visual Studio Code 1.105.1.
2025.11.04 12:39:33 WARN  Using H2 2.4.240 which is newer than the version Flyway has been verified with. The latest verified version of H2 is 2.3.232.
2025.11.04 12:39:33 WARN  no build tool detected in workspace '/Users/carlcaulkett/Code/Mojo/ca_preset_parser'. The most common cause for this problem is that the editor was opened in the wrong working directory, for example if you use sbt then the workspace directory should contain build.sbt. 
2025.11.04 12:39:34 WARN  Build server is not auto-connectable.
Nov 04, 2025 12:40:43 PM org.eclipse.lsp4j.jsonrpc.services.GenericEndpoint notify
INFO: Unsupported notification method: $/setTrace
